<?xml version="1.0" encoding="UTF-8"?>
<!-- Generated by org.testng.reporters.JUnitXMLReporter -->
<testsuite ignored="0" hostname="DESKTOP-TQOT31I" failures="0" tests="9" name="Test" time="0.136" errors="0" timestamp="2023-02-20T17:49:04 IST">
  <testcase classname="Retesting.Product" name="verifyElectronicItems" time="0.038"/>
  <testcase classname="Retesting.Product" name="verifyGrocery" time="0.0"/>
  <testcase classname="Retesting.Product" name="verifyHomeDecor" time="0.0"/>
  <testcase classname="Retesting.Product" name="verifyKitchenApplience" time="0.0"/>
  <testcase classname="Retesting.Payment" name="verifyCreditcardPayment" time="0.013"/>
  <testcase classname="Retesting.Payment" name="verifyDebitcardPayment" time="0.0"/>
  <testcase classname="Retesting.Payment" name="verifyElectronicItemsPayment" time="0.0"/>
  <testcase classname="Retesting.Payment" name="verifyNetBanking" time="0.0"/>
  <testcase classname="Retesting.Payment" name="verifyUPIPayment" time="0.0"/>
</testsuite> <!-- Test -->
