<?xml version="1.0" encoding="UTF-8"?>
<!-- Generated by org.testng.reporters.JUnitXMLReporter -->
<testsuite ignored="0" hostname="DESKTOP-TQOT31I" failures="0" tests="5" name="Test" time="0.041" errors="0" timestamp="2023-02-20T17:42:37 IST">
  <testcase classname="SmokeTest.Login" name="verifyLoginWithEmail" time="0.004"/>
  <testcase classname="SmokeTest.Login" name="verifyLoginWithMobile" time="0.003"/>
  <testcase classname="SmokeTest.Homepage" name="verifyItems" time="0.003"/>
  <testcase classname="SmokeTest.Homepage" name="verifySearchButton" time="0.002"/>
  <testcase classname="SmokeTest.Homepage" name="verifySignInButton" time="0.003"/>
</testsuite> <!-- Test -->
