<?xml version="1.0" encoding="UTF-8"?>
<!-- Generated by org.testng.reporters.JUnitXMLReporter -->
<testsuite ignored="0" hostname="DESKTOP-TQOT31I" failures="0" tests="5" name="Test" time="0.016" errors="0" timestamp="2023-02-20T17:49:04 IST">
  <testcase classname="SmokeTest.Login" name="verifyLoginWithEmail" time="0.0"/>
  <testcase classname="SmokeTest.Login" name="verifyLoginWithMobile" time="0.0"/>
  <testcase classname="SmokeTest.Homepage" name="verifyItems" time="0.0"/>
  <testcase classname="SmokeTest.Homepage" name="verifySearchButton" time="0.014"/>
  <testcase classname="SmokeTest.Homepage" name="verifySignInButton" time="0.0"/>
</testsuite> <!-- Test -->
